
> gamify-backend@1.0.0 start
> node server.js

Backend running on https://localhost:1999
Broadcasting chat from 11538086-449c-48ea-885f-a3eac8a63636 : 🔥 in room X75DCK
Broadcasted to 2 clients
Broadcasting chat from 11538086-449c-48ea-885f-a3eac8a63636 : 😅 in room X75DCK
Broadcasted to 2 clients
Broadcasting chat from c0f5be09-5cb2-48c3-94f7-f92119c4f877 : kill in room X75DCK
Broadcasted to 2 clients
Broadcasting chat from c0f5be09-5cb2-48c3-94f7-f92119c4f877 : huhui in room X75DCK
Broadcasted to 2 clients
Broadcasting chat from 11538086-449c-48ea-885f-a3eac8a63636 : 🔥 in room X75DCK
Broadcasted to 2 clients
Broadcasting chat from 11538086-449c-48ea-885f-a3eac8a63636 : 🔥 in room X75DCK
Broadcasted to 2 clients
Broadcasting chat from 11538086-449c-48ea-885f-a3eac8a63636 : 🔥 in room X75DCK
Broadcasted to 2 clients
Broadcasting chat from 11538086-449c-48ea-885f-a3eac8a63636 : 🔥 in room X75DCK
Broadcasted to 2 clients
Broadcasting chat from c0f5be09-5cb2-48c3-94f7-f92119c4f877 : 😅 in room X75DCK
Broadcasted to 2 clients
Broadcasting chat from c0f5be09-5cb2-48c3-94f7-f92119c4f877 : 😅 in room X75DCK
Broadcasted to 2 clients
Broadcasting chat from c0f5be09-5cb2-48c3-94f7-f92119c4f877 : 😅 in room X75DCK
Broadcasted to 2 clients
Broadcasting chat from c0f5be09-5cb2-48c3-94f7-f92119c4f877 : 😅 in room X75DCK
Broadcasted to 2 clients
Broadcasting chat from c0f5be09-5cb2-48c3-94f7-f92119c4f877 : 😅 in room X75DCK
Broadcasted to 2 clients
